app/build/intermediates/manifest_merge_blame_file/debug/manifest-merger-blame-debug-report.txt
1<?xml version="1.0" encoding="utf-8"?>
2<manifest xmlns:android="http://schemas.android.com/apk/res/android"
3    package="fastrust.dorm.finder"
4    android:versionCode="1"
5    android:versionName="1.0" >
6
7    <uses-sdk
8        android:minSdkVersion="23"
8-->src\main\AndroidManifest.xml
9        android:targetSdkVersion="28" />
9-->src\main\AndroidManifest.xml
10	xmlns:tools="http://schemas.android.com/tools">
11    <uses-permission android:name="android.permission.INTERNET" />
11-->src\main\AndroidManifest.xml:5:2-64
11-->src\main\AndroidManifest.xml:5:19-61
12    <uses-permission android:name="android.permission.VIBRATE" />
12-->src\main\AndroidManifest.xml:6:2-63
12-->src\main\AndroidManifest.xml:6:19-60
13    <uses-permission android:name="android.permission.ACCESS_NETWORK_STATE" />
13-->src\main\AndroidManifest.xml:7:2-76
13-->src\main\AndroidManifest.xml:7:19-73
14    <uses-permission android:name="android.permission.READ_EXTERNAL_STORAGE" />
14-->src\main\AndroidManifest.xml:8:2-77
14-->src\main\AndroidManifest.xml:8:19-74
15    <uses-permission android:name="android.permission.WRITE_EXTERNAL_STORAGE" />
15-->src\main\AndroidManifest.xml:9:2-78
15-->src\main\AndroidManifest.xml:9:19-75
16    <uses-permission android:name="android.permission.ACCESS_FINE_LOCATION" />
16-->src\main\AndroidManifest.xml:10:2-76
16-->src\main\AndroidManifest.xml:10:19-73
17    <uses-permission android:name="android.permission.FOREGROUND_SERVICE" />
17-->src\main\AndroidManifest.xml:11:2-74
17-->src\main\AndroidManifest.xml:11:19-71
18    <uses-permission android:name="QUERY_ALL_PACKAGES" />
18-->[com.github.abodinagdat16:EveryThingUtils:v2.4] AndroidManifest.xml:9:5-58
18-->[com.github.abodinagdat16:EveryThingUtils:v2.4] AndroidManifest.xml:9:22-55
19    <uses-permission android:name="MANAGE_EXTERNAL_STORAGE" />
19-->[com.github.abodinagdat16:EveryThingUtils:v2.4] AndroidManifest.xml:10:5-63
19-->[com.github.abodinagdat16:EveryThingUtils:v2.4] AndroidManifest.xml:10:22-60
20    <uses-permission android:name="READ_EXTERNAL_STORAGE" />
20-->[com.github.abodinagdat16:EveryThingUtils:v2.4] AndroidManifest.xml:11:5-61
20-->[com.github.abodinagdat16:EveryThingUtils:v2.4] AndroidManifest.xml:11:22-58
21    <uses-permission android:name="WRITE_EXTERNAL_STORAGE" />
21-->[com.github.abodinagdat16:EveryThingUtils:v2.4] AndroidManifest.xml:12:5-62
21-->[com.github.abodinagdat16:EveryThingUtils:v2.4] AndroidManifest.xml:12:22-59
22
23    <uses-feature
23-->[com.google.android.gms:play-services-maps:18.2.0] AndroidManifest.xml:26:5-28:35
24        android:glEsVersion="0x00020000"
24-->[com.google.android.gms:play-services-maps:18.2.0] AndroidManifest.xml:27:9-41
25        android:required="true" />
25-->[com.google.android.gms:play-services-maps:18.2.0] AndroidManifest.xml:28:9-32
26
27    <queries>
27-->[com.google.android.gms:play-services-maps:18.2.0] AndroidManifest.xml:30:5-34:15
28
29        <!-- Needs to be explicitly declared on Android R+ -->
30        <package android:name="com.google.android.apps.maps" />
30-->[com.google.android.gms:play-services-maps:18.2.0] AndroidManifest.xml:33:9-64
30-->[com.google.android.gms:play-services-maps:18.2.0] AndroidManifest.xml:33:18-61
31    </queries>
32
33    <uses-permission android:name="android.permission.WAKE_LOCK" />
33-->[com.google.android.gms:play-services-measurement-api:21.5.0] AndroidManifest.xml:24:5-68
33-->[com.google.android.gms:play-services-measurement-api:21.5.0] AndroidManifest.xml:24:22-65
34    <uses-permission android:name="com.google.android.gms.permission.AD_ID" />
34-->[com.google.android.gms:play-services-measurement-api:21.5.0] AndroidManifest.xml:25:5-79
34-->[com.google.android.gms:play-services-measurement-api:21.5.0] AndroidManifest.xml:25:22-76
35    <uses-permission android:name="android.permission.ACCESS_ADSERVICES_ATTRIBUTION" />
35-->[com.google.android.gms:play-services-measurement-api:21.5.0] AndroidManifest.xml:26:5-88
35-->[com.google.android.gms:play-services-measurement-api:21.5.0] AndroidManifest.xml:26:22-85
36    <uses-permission android:name="android.permission.ACCESS_ADSERVICES_AD_ID" />
36-->[com.google.android.gms:play-services-measurement-api:21.5.0] AndroidManifest.xml:27:5-82
36-->[com.google.android.gms:play-services-measurement-api:21.5.0] AndroidManifest.xml:27:22-79
37    <uses-permission android:name="com.google.android.finsky.permission.BIND_GET_INSTALL_REFERRER_SERVICE" />
37-->[com.google.android.gms:play-services-measurement:21.5.0] AndroidManifest.xml:26:5-110
37-->[com.google.android.gms:play-services-measurement:21.5.0] AndroidManifest.xml:26:22-107
38
39    <permission
39-->[androidx.core:core:1.9.0] AndroidManifest.xml:22:5-24:47
40        android:name="fastrust.dorm.finder.DYNAMIC_RECEIVER_NOT_EXPORTED_PERMISSION"
40-->[androidx.core:core:1.9.0] AndroidManifest.xml:23:9-81
41        android:protectionLevel="signature" />
41-->[androidx.core:core:1.9.0] AndroidManifest.xml:24:9-44
42
43    <uses-permission android:name="fastrust.dorm.finder.DYNAMIC_RECEIVER_NOT_EXPORTED_PERMISSION" />
43-->[androidx.core:core:1.9.0] AndroidManifest.xml:26:5-97
43-->[androidx.core:core:1.9.0] AndroidManifest.xml:26:22-94
44
45    <application
45-->src\main\AndroidManifest.xml:12:2-323:16
46        android:allowBackup="true"
46-->src\main\AndroidManifest.xml:13:3-29
47        android:appComponentFactory="androidx.core.app.CoreComponentFactory"
47-->[androidx.core:core:1.9.0] AndroidManifest.xml:28:18-86
48        android:debuggable="true"
49        android:extractNativeLibs="false"
50        android:icon="@drawable/app_icon"
50-->src\main\AndroidManifest.xml:14:3-36
51        android:label="@string/app_name"
51-->src\main\AndroidManifest.xml:15:3-35
52        android:requestLegacyExternalStorage="true"
52-->src\main\AndroidManifest.xml:16:3-46
53        android:supportsRtl="true"
53-->[com.shobhitpuri.custombuttons:google-signin:1.1.0] AndroidManifest.xml:13:9-35
54        android:testOnly="true"
55        android:theme="@style/AppTheme"
55-->src\main\AndroidManifest.xml:18:3-34
56        android:usesCleartextTraffic="true" >
56-->src\main\AndroidManifest.xml:17:3-38
57        <activity
57-->src\main\AndroidManifest.xml:19:3-31:14
58            android:name="fastrust.dorm.finder.MainActivity"
58-->src\main\AndroidManifest.xml:20:4-32
59            android:configChanges="orientation|screenSize|keyboardHidden|smallestScreenSize|screenLayout"
59-->src\main\AndroidManifest.xml:21:4-97
60            android:exported="true"
60-->src\main\AndroidManifest.xml:26:4-27
61            android:hardwareAccelerated="true"
61-->src\main\AndroidManifest.xml:22:4-38
62            android:screenOrientation="portrait"
62-->src\main\AndroidManifest.xml:24:4-40
63            android:supportsPictureInPicture="true"
63-->src\main\AndroidManifest.xml:23:4-43
64            android:windowSoftInputMode="stateHidden" >
64-->src\main\AndroidManifest.xml:25:4-45
65            <intent-filter>
65-->src\main\AndroidManifest.xml:27:4-30:20
66                <action android:name="android.intent.action.MAIN" />
66-->src\main\AndroidManifest.xml:28:5-57
66-->src\main\AndroidManifest.xml:28:13-54
67
68                <category android:name="android.intent.category.LAUNCHER" />
68-->src\main\AndroidManifest.xml:29:5-65
68-->src\main\AndroidManifest.xml:29:15-62
69            </intent-filter>
70        </activity>
71        <activity
71-->src\main\AndroidManifest.xml:32:3-38:48
72            android:name="fastrust.dorm.finder.WelcomeActivity"
72-->src\main\AndroidManifest.xml:33:4-35
73            android:configChanges="orientation|screenSize|keyboardHidden|smallestScreenSize|screenLayout"
73-->src\main\AndroidManifest.xml:34:4-97
74            android:hardwareAccelerated="true"
74-->src\main\AndroidManifest.xml:35:4-38
75            android:screenOrientation="portrait"
75-->src\main\AndroidManifest.xml:37:4-40
76            android:supportsPictureInPicture="true"
76-->src\main\AndroidManifest.xml:36:4-43
77            android:windowSoftInputMode="stateHidden" />
77-->src\main\AndroidManifest.xml:38:4-45
78        <activity
78-->src\main\AndroidManifest.xml:39:3-45:48
79            android:name="fastrust.dorm.finder.LoginSignupActivity"
79-->src\main\AndroidManifest.xml:40:4-39
80            android:configChanges="orientation|screenSize|keyboardHidden|smallestScreenSize|screenLayout"
80-->src\main\AndroidManifest.xml:41:4-97
81            android:hardwareAccelerated="true"
81-->src\main\AndroidManifest.xml:42:4-38
82            android:screenOrientation="portrait"
82-->src\main\AndroidManifest.xml:44:4-40
83            android:supportsPictureInPicture="true"
83-->src\main\AndroidManifest.xml:43:4-43
84            android:windowSoftInputMode="stateHidden" />
84-->src\main\AndroidManifest.xml:45:4-45
85        <activity
85-->src\main\AndroidManifest.xml:46:3-52:48
86            android:name="fastrust.dorm.finder.SignupWithPasswordActivity"
86-->src\main\AndroidManifest.xml:47:4-46
87            android:configChanges="orientation|screenSize|keyboardHidden|smallestScreenSize|screenLayout"
87-->src\main\AndroidManifest.xml:48:4-97
88            android:hardwareAccelerated="true"
88-->src\main\AndroidManifest.xml:49:4-38
89            android:screenOrientation="portrait"
89-->src\main\AndroidManifest.xml:51:4-40
90            android:supportsPictureInPicture="true"
90-->src\main\AndroidManifest.xml:50:4-43
91            android:windowSoftInputMode="stateHidden" />
91-->src\main\AndroidManifest.xml:52:4-45
92        <activity
92-->src\main\AndroidManifest.xml:53:3-59:48
93            android:name="fastrust.dorm.finder.SigninSetupActivity"
93-->src\main\AndroidManifest.xml:54:4-39
94            android:configChanges="orientation|screenSize|keyboardHidden|smallestScreenSize|screenLayout"
94-->src\main\AndroidManifest.xml:55:4-97
95            android:hardwareAccelerated="true"
95-->src\main\AndroidManifest.xml:56:4-38
96            android:screenOrientation="portrait"
96-->src\main\AndroidManifest.xml:58:4-40
97            android:supportsPictureInPicture="true"
97-->src\main\AndroidManifest.xml:57:4-43
98            android:windowSoftInputMode="stateHidden" />
98-->src\main\AndroidManifest.xml:59:4-45
99        <activity
99-->src\main\AndroidManifest.xml:60:3-66:48
100            android:name="fastrust.dorm.finder.ForgotPasswordActivity"
100-->src\main\AndroidManifest.xml:61:4-42
101            android:configChanges="orientation|screenSize|keyboardHidden|smallestScreenSize|screenLayout"
101-->src\main\AndroidManifest.xml:62:4-97
102            android:hardwareAccelerated="true"
102-->src\main\AndroidManifest.xml:63:4-38
103            android:screenOrientation="portrait"
103-->src\main\AndroidManifest.xml:65:4-40
104            android:supportsPictureInPicture="true"
104-->src\main\AndroidManifest.xml:64:4-43
105            android:windowSoftInputMode="stateHidden" />
105-->src\main\AndroidManifest.xml:66:4-45
106        <activity
106-->src\main\AndroidManifest.xml:67:3-73:48
107            android:name="fastrust.dorm.finder.MyBookingActivity"
107-->src\main\AndroidManifest.xml:68:4-37
108            android:configChanges="orientation|screenSize|keyboardHidden|smallestScreenSize|screenLayout"
108-->src\main\AndroidManifest.xml:69:4-97
109            android:hardwareAccelerated="true"
109-->src\main\AndroidManifest.xml:70:4-38
110            android:screenOrientation="portrait"
110-->src\main\AndroidManifest.xml:72:4-40
111            android:supportsPictureInPicture="true"
111-->src\main\AndroidManifest.xml:71:4-43
112            android:windowSoftInputMode="stateHidden" />
112-->src\main\AndroidManifest.xml:73:4-45
113        <activity
113-->src\main\AndroidManifest.xml:74:3-80:48
114            android:name="fastrust.dorm.finder.PaymentsActivity"
114-->src\main\AndroidManifest.xml:75:4-36
115            android:configChanges="orientation|screenSize|keyboardHidden|smallestScreenSize|screenLayout"
115-->src\main\AndroidManifest.xml:76:4-97
116            android:hardwareAccelerated="true"
116-->src\main\AndroidManifest.xml:77:4-38
117            android:screenOrientation="portrait"
117-->src\main\AndroidManifest.xml:79:4-40
118            android:supportsPictureInPicture="true"
118-->src\main\AndroidManifest.xml:78:4-43
119            android:windowSoftInputMode="stateHidden" />
119-->src\main\AndroidManifest.xml:80:4-45
120        <activity
120-->src\main\AndroidManifest.xml:81:3-87:48
121            android:name="fastrust.dorm.finder.ProfileActivity"
121-->src\main\AndroidManifest.xml:82:4-35
122            android:configChanges="orientation|screenSize|keyboardHidden|smallestScreenSize|screenLayout"
122-->src\main\AndroidManifest.xml:83:4-97
123            android:hardwareAccelerated="true"
123-->src\main\AndroidManifest.xml:84:4-38
124            android:screenOrientation="portrait"
124-->src\main\AndroidManifest.xml:86:4-40
125            android:supportsPictureInPicture="true"
125-->src\main\AndroidManifest.xml:85:4-43
126            android:windowSoftInputMode="stateHidden" />
126-->src\main\AndroidManifest.xml:87:4-45
127        <activity
127-->src\main\AndroidManifest.xml:88:3-94:48
128            android:name="fastrust.dorm.finder.SigninDialogActivity"
128-->src\main\AndroidManifest.xml:89:4-40
129            android:configChanges="orientation|screenSize|keyboardHidden|smallestScreenSize|screenLayout"
129-->src\main\AndroidManifest.xml:90:4-97
130            android:hardwareAccelerated="true"
130-->src\main\AndroidManifest.xml:91:4-38
131            android:screenOrientation="portrait"
131-->src\main\AndroidManifest.xml:93:4-40
132            android:supportsPictureInPicture="true"
132-->src\main\AndroidManifest.xml:92:4-43
133            android:windowSoftInputMode="stateHidden" />
133-->src\main\AndroidManifest.xml:94:4-45
134        <activity
134-->src\main\AndroidManifest.xml:95:3-101:48
135            android:name="fastrust.dorm.finder.FilterActivity"
135-->src\main\AndroidManifest.xml:96:4-34
136            android:configChanges="orientation|screenSize|keyboardHidden|smallestScreenSize|screenLayout"
136-->src\main\AndroidManifest.xml:97:4-97
137            android:hardwareAccelerated="true"
137-->src\main\AndroidManifest.xml:98:4-38
138            android:screenOrientation="portrait"
138-->src\main\AndroidManifest.xml:100:4-40
139            android:supportsPictureInPicture="true"
139-->src\main\AndroidManifest.xml:99:4-43
140            android:windowSoftInputMode="stateHidden" />
140-->src\main\AndroidManifest.xml:101:4-45
141        <activity
141-->src\main\AndroidManifest.xml:102:3-108:48
142            android:name="fastrust.dorm.finder.WelcomeMapActivity"
142-->src\main\AndroidManifest.xml:103:4-38
143            android:configChanges="orientation|screenSize|keyboardHidden|smallestScreenSize|screenLayout"
143-->src\main\AndroidManifest.xml:104:4-97
144            android:hardwareAccelerated="true"
144-->src\main\AndroidManifest.xml:105:4-38
145            android:screenOrientation="portrait"
145-->src\main\AndroidManifest.xml:107:4-40
146            android:supportsPictureInPicture="true"
146-->src\main\AndroidManifest.xml:106:4-43
147            android:windowSoftInputMode="stateHidden" />
147-->src\main\AndroidManifest.xml:108:4-45
148        <activity
148-->src\main\AndroidManifest.xml:109:3-115:48
149            android:name="fastrust.dorm.finder.AdminHomepageActivity"
149-->src\main\AndroidManifest.xml:110:4-41
150            android:configChanges="orientation|screenSize|keyboardHidden|smallestScreenSize|screenLayout"
150-->src\main\AndroidManifest.xml:111:4-97
151            android:hardwareAccelerated="true"
151-->src\main\AndroidManifest.xml:112:4-38
152            android:screenOrientation="portrait"
152-->src\main\AndroidManifest.xml:114:4-40
153            android:supportsPictureInPicture="true"
153-->src\main\AndroidManifest.xml:113:4-43
154            android:windowSoftInputMode="stateHidden" />
154-->src\main\AndroidManifest.xml:115:4-45
155        <activity
155-->src\main\AndroidManifest.xml:116:3-122:48
156            android:name="fastrust.dorm.finder.NotificationActivity"
156-->src\main\AndroidManifest.xml:117:4-40
157            android:configChanges="orientation|screenSize|keyboardHidden|smallestScreenSize|screenLayout"
157-->src\main\AndroidManifest.xml:118:4-97
158            android:hardwareAccelerated="true"
158-->src\main\AndroidManifest.xml:119:4-38
159            android:screenOrientation="portrait"
159-->src\main\AndroidManifest.xml:121:4-40
160            android:supportsPictureInPicture="true"
160-->src\main\AndroidManifest.xml:120:4-43
161            android:windowSoftInputMode="stateHidden" />
161-->src\main\AndroidManifest.xml:122:4-45
162        <activity
162-->src\main\AndroidManifest.xml:123:3-129:48
163            android:name="fastrust.dorm.finder.DashboardActivity"
163-->src\main\AndroidManifest.xml:124:4-37
164            android:configChanges="orientation|screenSize|keyboardHidden|smallestScreenSize|screenLayout"
164-->src\main\AndroidManifest.xml:125:4-97
165            android:hardwareAccelerated="true"
165-->src\main\AndroidManifest.xml:126:4-38
166            android:screenOrientation="portrait"
166-->src\main\AndroidManifest.xml:128:4-40
167            android:supportsPictureInPicture="true"
167-->src\main\AndroidManifest.xml:127:4-43
168            android:windowSoftInputMode="stateHidden" />
168-->src\main\AndroidManifest.xml:129:4-45
169        <activity
169-->src\main\AndroidManifest.xml:130:3-136:49
170            android:name="fastrust.dorm.finder.SearchActivity"
170-->src\main\AndroidManifest.xml:131:4-34
171            android:configChanges="orientation|screenSize|keyboardHidden|smallestScreenSize|screenLayout"
171-->src\main\AndroidManifest.xml:132:4-97
172            android:hardwareAccelerated="true"
172-->src\main\AndroidManifest.xml:133:4-38
173            android:screenOrientation="portrait"
173-->src\main\AndroidManifest.xml:135:4-40
174            android:supportsPictureInPicture="true"
174-->src\main\AndroidManifest.xml:134:4-43
175            android:windowSoftInputMode="stateVisible" />
175-->src\main\AndroidManifest.xml:136:4-46
176        <activity
176-->src\main\AndroidManifest.xml:137:3-143:48
177            android:name="fastrust.dorm.finder.FeaturedActivity"
177-->src\main\AndroidManifest.xml:138:4-36
178            android:configChanges="orientation|screenSize|keyboardHidden|smallestScreenSize|screenLayout"
178-->src\main\AndroidManifest.xml:139:4-97
179            android:hardwareAccelerated="true"
179-->src\main\AndroidManifest.xml:140:4-38
180            android:screenOrientation="portrait"
180-->src\main\AndroidManifest.xml:142:4-40
181            android:supportsPictureInPicture="true"
181-->src\main\AndroidManifest.xml:141:4-43
182            android:windowSoftInputMode="stateHidden" />
182-->src\main\AndroidManifest.xml:143:4-45
183        <activity
183-->src\main\AndroidManifest.xml:144:3-150:48
184            android:name="fastrust.dorm.finder.RecommendationsActivity"
184-->src\main\AndroidManifest.xml:145:4-43
185            android:configChanges="orientation|screenSize|keyboardHidden|smallestScreenSize|screenLayout"
185-->src\main\AndroidManifest.xml:146:4-97
186            android:hardwareAccelerated="true"
186-->src\main\AndroidManifest.xml:147:4-38
187            android:screenOrientation="portrait"
187-->src\main\AndroidManifest.xml:149:4-40
188            android:supportsPictureInPicture="true"
188-->src\main\AndroidManifest.xml:148:4-43
189            android:windowSoftInputMode="stateHidden" />
189-->src\main\AndroidManifest.xml:150:4-45
190        <activity
190-->src\main\AndroidManifest.xml:151:3-157:48
191            android:name="fastrust.dorm.finder.DormitoryDetailsActivity"
191-->src\main\AndroidManifest.xml:152:4-44
192            android:configChanges="orientation|screenSize|keyboardHidden|smallestScreenSize|screenLayout"
192-->src\main\AndroidManifest.xml:153:4-97
193            android:hardwareAccelerated="true"
193-->src\main\AndroidManifest.xml:154:4-38
194            android:screenOrientation="portrait"
194-->src\main\AndroidManifest.xml:156:4-40
195            android:supportsPictureInPicture="true"
195-->src\main\AndroidManifest.xml:155:4-43
196            android:windowSoftInputMode="stateHidden" />
196-->src\main\AndroidManifest.xml:157:4-45
197        <activity
197-->src\main\AndroidManifest.xml:158:3-164:48
198            android:name="fastrust.dorm.finder.GalleryActivity"
198-->src\main\AndroidManifest.xml:159:4-35
199            android:configChanges="orientation|screenSize|keyboardHidden|smallestScreenSize|screenLayout"
199-->src\main\AndroidManifest.xml:160:4-97
200            android:hardwareAccelerated="true"
200-->src\main\AndroidManifest.xml:161:4-38
201            android:screenOrientation="portrait"
201-->src\main\AndroidManifest.xml:163:4-40
202            android:supportsPictureInPicture="true"
202-->src\main\AndroidManifest.xml:162:4-43
203            android:windowSoftInputMode="stateHidden" />
203-->src\main\AndroidManifest.xml:164:4-45
204        <activity
204-->src\main\AndroidManifest.xml:165:3-171:48
205            android:name="fastrust.dorm.finder.BookingActivity"
205-->src\main\AndroidManifest.xml:166:4-35
206            android:configChanges="orientation|screenSize|keyboardHidden|smallestScreenSize|screenLayout"
206-->src\main\AndroidManifest.xml:167:4-97
207            android:hardwareAccelerated="true"
207-->src\main\AndroidManifest.xml:168:4-38
208            android:screenOrientation="portrait"
208-->src\main\AndroidManifest.xml:170:4-40
209            android:supportsPictureInPicture="true"
209-->src\main\AndroidManifest.xml:169:4-43
210            android:windowSoftInputMode="stateHidden" />
210-->src\main\AndroidManifest.xml:171:4-45
211        <activity
211-->src\main\AndroidManifest.xml:172:3-178:48
212            android:name="fastrust.dorm.finder.AdminDashboardActivity"
212-->src\main\AndroidManifest.xml:173:4-42
213            android:configChanges="orientation|screenSize|keyboardHidden|smallestScreenSize|screenLayout"
213-->src\main\AndroidManifest.xml:174:4-97
214            android:hardwareAccelerated="true"
214-->src\main\AndroidManifest.xml:175:4-38
215            android:screenOrientation="portrait"
215-->src\main\AndroidManifest.xml:177:4-40
216            android:supportsPictureInPicture="true"
216-->src\main\AndroidManifest.xml:176:4-43
217            android:windowSoftInputMode="stateHidden" />
217-->src\main\AndroidManifest.xml:178:4-45
218        <activity
218-->src\main\AndroidManifest.xml:179:3-185:48
219            android:name="fastrust.dorm.finder.SettingsNotificationActivity"
219-->src\main\AndroidManifest.xml:180:4-48
220            android:configChanges="orientation|screenSize|keyboardHidden|smallestScreenSize|screenLayout"
220-->src\main\AndroidManifest.xml:181:4-97
221            android:hardwareAccelerated="true"
221-->src\main\AndroidManifest.xml:182:4-38
222            android:screenOrientation="portrait"
222-->src\main\AndroidManifest.xml:184:4-40
223            android:supportsPictureInPicture="true"
223-->src\main\AndroidManifest.xml:183:4-43
224            android:windowSoftInputMode="stateHidden" />
224-->src\main\AndroidManifest.xml:185:4-45
225        <activity
225-->src\main\AndroidManifest.xml:186:3-192:48
226            android:name="fastrust.dorm.finder.SettingsSecurityActivity"
226-->src\main\AndroidManifest.xml:187:4-44
227            android:configChanges="orientation|screenSize|keyboardHidden|smallestScreenSize|screenLayout"
227-->src\main\AndroidManifest.xml:188:4-97
228            android:hardwareAccelerated="true"
228-->src\main\AndroidManifest.xml:189:4-38
229            android:screenOrientation="portrait"
229-->src\main\AndroidManifest.xml:191:4-40
230            android:supportsPictureInPicture="true"
230-->src\main\AndroidManifest.xml:190:4-43
231            android:windowSoftInputMode="stateHidden" />
231-->src\main\AndroidManifest.xml:192:4-45
232        <activity
232-->src\main\AndroidManifest.xml:193:3-199:48
233            android:name="fastrust.dorm.finder.ChatActivity"
233-->src\main\AndroidManifest.xml:194:4-32
234            android:configChanges="orientation|screenSize|keyboardHidden|smallestScreenSize|screenLayout"
234-->src\main\AndroidManifest.xml:195:4-97
235            android:hardwareAccelerated="true"
235-->src\main\AndroidManifest.xml:196:4-38
236            android:screenOrientation="portrait"
236-->src\main\AndroidManifest.xml:198:4-40
237            android:supportsPictureInPicture="true"
237-->src\main\AndroidManifest.xml:197:4-43
238            android:windowSoftInputMode="stateHidden" />
238-->src\main\AndroidManifest.xml:199:4-45
239        <activity
239-->src\main\AndroidManifest.xml:200:3-206:49
240            android:name="fastrust.dorm.finder.SearchUserActivity"
240-->src\main\AndroidManifest.xml:201:4-38
241            android:configChanges="orientation|screenSize|keyboardHidden|smallestScreenSize|screenLayout"
241-->src\main\AndroidManifest.xml:202:4-97
242            android:hardwareAccelerated="true"
242-->src\main\AndroidManifest.xml:203:4-38
243            android:screenOrientation="portrait"
243-->src\main\AndroidManifest.xml:205:4-40
244            android:supportsPictureInPicture="true"
244-->src\main\AndroidManifest.xml:204:4-43
245            android:windowSoftInputMode="stateVisible" />
245-->src\main\AndroidManifest.xml:206:4-46
246        <activity
246-->src\main\AndroidManifest.xml:207:3-213:48
247            android:name="fastrust.dorm.finder.ReviewsActivity"
247-->src\main\AndroidManifest.xml:208:4-35
248            android:configChanges="orientation|screenSize|keyboardHidden|smallestScreenSize|screenLayout"
248-->src\main\AndroidManifest.xml:209:4-97
249            android:hardwareAccelerated="true"
249-->src\main\AndroidManifest.xml:210:4-38
250            android:screenOrientation="portrait"
250-->src\main\AndroidManifest.xml:212:4-40
251            android:supportsPictureInPicture="true"
251-->src\main\AndroidManifest.xml:211:4-43
252            android:windowSoftInputMode="stateHidden" />
252-->src\main\AndroidManifest.xml:213:4-45
253        <activity
253-->src\main\AndroidManifest.xml:214:3-220:48
254            android:name="fastrust.dorm.finder.BookingDetailsActivity"
254-->src\main\AndroidManifest.xml:215:4-42
255            android:configChanges="orientation|screenSize|keyboardHidden|smallestScreenSize|screenLayout"
255-->src\main\AndroidManifest.xml:216:4-97
256            android:hardwareAccelerated="true"
256-->src\main\AndroidManifest.xml:217:4-38
257            android:screenOrientation="portrait"
257-->src\main\AndroidManifest.xml:219:4-40
258            android:supportsPictureInPicture="true"
258-->src\main\AndroidManifest.xml:218:4-43
259            android:windowSoftInputMode="stateHidden" />
259-->src\main\AndroidManifest.xml:220:4-45
260        <activity
260-->src\main\AndroidManifest.xml:221:3-227:48
261            android:name="fastrust.dorm.finder.CancelBookingActivity"
261-->src\main\AndroidManifest.xml:222:4-41
262            android:configChanges="orientation|screenSize|keyboardHidden|smallestScreenSize|screenLayout"
262-->src\main\AndroidManifest.xml:223:4-97
263            android:hardwareAccelerated="true"
263-->src\main\AndroidManifest.xml:224:4-38
264            android:screenOrientation="portrait"
264-->src\main\AndroidManifest.xml:226:4-40
265            android:supportsPictureInPicture="true"
265-->src\main\AndroidManifest.xml:225:4-43
266            android:windowSoftInputMode="stateHidden" />
266-->src\main\AndroidManifest.xml:227:4-45
267        <activity
267-->src\main\AndroidManifest.xml:228:3-234:48
268            android:name="fastrust.dorm.finder.AdminBookingActivity"
268-->src\main\AndroidManifest.xml:229:4-40
269            android:configChanges="orientation|screenSize|keyboardHidden|smallestScreenSize|screenLayout"
269-->src\main\AndroidManifest.xml:230:4-97
270            android:hardwareAccelerated="true"
270-->src\main\AndroidManifest.xml:231:4-38
271            android:screenOrientation="portrait"
271-->src\main\AndroidManifest.xml:233:4-40
272            android:supportsPictureInPicture="true"
272-->src\main\AndroidManifest.xml:232:4-43
273            android:windowSoftInputMode="stateHidden" />
273-->src\main\AndroidManifest.xml:234:4-45
274        <activity
274-->src\main\AndroidManifest.xml:235:3-241:48
275            android:name="fastrust.dorm.finder.UserDetailsActivity"
275-->src\main\AndroidManifest.xml:236:4-39
276            android:configChanges="orientation|screenSize|keyboardHidden|smallestScreenSize|screenLayout"
276-->src\main\AndroidManifest.xml:237:4-97
277            android:hardwareAccelerated="true"
277-->src\main\AndroidManifest.xml:238:4-38
278            android:screenOrientation="portrait"
278-->src\main\AndroidManifest.xml:240:4-40
279            android:supportsPictureInPicture="true"
279-->src\main\AndroidManifest.xml:239:4-43
280            android:windowSoftInputMode="stateHidden" />
280-->src\main\AndroidManifest.xml:241:4-45
281        <activity
281-->src\main\AndroidManifest.xml:242:3-248:48
282            android:name="fastrust.dorm.finder.ReteDormitoryActivity"
282-->src\main\AndroidManifest.xml:243:4-41
283            android:configChanges="orientation|screenSize|keyboardHidden|smallestScreenSize|screenLayout"
283-->src\main\AndroidManifest.xml:244:4-97
284            android:hardwareAccelerated="true"
284-->src\main\AndroidManifest.xml:245:4-38
285            android:screenOrientation="portrait"
285-->src\main\AndroidManifest.xml:247:4-40
286            android:supportsPictureInPicture="true"
286-->src\main\AndroidManifest.xml:246:4-43
287            android:windowSoftInputMode="stateHidden" />
287-->src\main\AndroidManifest.xml:248:4-45
288        <activity
288-->src\main\AndroidManifest.xml:249:3-255:48